<?xml version="1.0" encoding="UTF-8"?>
<!-- Generated by org.testng.reporters.JUnitReportReporter -->
<testsuite hostname="PC-66" name="MOOD950449T1" tests="1" failures="0" timestamp="13 Dec 2018 14:43:39 GMT" time="5.320" errors="0">
  <testcase name="testMOOD950449T1" time="5.320" classname="MOOD950449T1"/>
</testsuite> <!-- MOOD950449T1 -->
