<?xml version="1.0" encoding="UTF-8"?>
<!-- Generated by org.testng.reporters.JUnitReportReporter -->
<testsuite hostname="PC-66" name="sampleClass" tests="1" failures="0" timestamp="13 Dec 2018 14:43:39 GMT" time="10.392" errors="0">
  <testcase name="sampleTest" time="10.392" classname="sampleClass"/>
</testsuite> <!-- sampleClass -->
